Failed to load c++ bson extension, using pure JS version
Fri, 28 Aug 2015 12:03:04 GMT express-session deprecated undefined resave option; provide resave option at ../app.js:27:9
Fri, 28 Aug 2015 12:03:04 GMT express-session deprecated undefined saveUninitialized option; provide saveUninitialized option at ../app.js:27:9
You have logged in undefined times
Mongoose connected at:  mongodb://localhost/scailabexperimentdeception
[90mGET /information [32m200 [90m101ms - 1.23kb[0m
[90mGET /stylesheets/style.css [32m200 [90m16ms - 14.47kb[0m
[90mGET /stylesheets/bootstrap.min.css [32m200 [90m643ms - 106.95kb[0m
[90mGET /favicon.ico [33m404 [90m16ms - 992b[0m
[90mGET /information [32m200 [90m8ms - 1.23kb[0m
[90mGET /stylesheets/style.css [32m200 [90m2ms - 14.47kb[0m
[90mGET /stylesheets/bootstrap.min.css [32m200 [90m582ms - 106.95kb[0m
[90mGET /favicon.ico [33m404 [90m2ms - 992b[0m
[90mGET /favicon.ico [33m404 [90m5ms - 992b[0m
[90mGET /information [32m200 [90m2ms - 1.23kb[0m
[90mGET /stylesheets/style.css [32m200 [90m1ms - 14.47kb[0m
[90mGET /stylesheets/bootstrap.min.css [32m200 [90m528ms - 106.95kb[0m
[90mGET /favicon.ico [33m404 [90m2ms - 992b[0m
hiitNumber 6
[90mPOST /tutorial [32m200 [90m92ms - 15.87kb[0m
[90mGET /stylesheets/style.css [36m304 [90m2ms[0m
[90mGET /stylesheets/bootstrap.min.css [36m304 [90m1ms[0m
[90mGET /javascripts/bootstrap.min.js [32m200 [90m26ms - 31.07kb[0m
[90mGET /fonts/glyphicons-halflings-regular.woff [32m200 [90m29ms - 22.77kb[0m
[90mPOST /entry [32m200 [90m35ms - 9.03kb[0m
[90mGET /stylesheets/bootstrap.min.css [36m304 [90m2ms[0m
[90mGET /stylesheets/style.css [36m304 [90m1ms[0m
[90mGET /javascripts/postquiz.js [32m200 [90m17ms - 27.87kb[0m
playerHiitNumberMap[socket.id] 2: 6
sDLH-Y_G0AZVyf0wAAAA
the length is 1
was called waiting outside
playerHiitNumberMap[gameCounter ] undefined
pure strategy solution
pure strategy solution
pure strategy solution
pure strategy solution
 initial aspiration levele = 0, 0.6
0agent
the length is 2
sDLH-Y_G0AZVyf0wAAAA is 0agent
0agent is sDLH-Y_G0AZVyf0wAAAA
[90mGET /audio.notification.mp3 [33m404 [90m3ms - 992b[0m
[90mGET /audio.notification.ogg [33m404 [90m4ms - 992b[0m
session is: 6
hiitInfo moves is [object Object]
[90mPOST /postquizsurvey [32m200 [90m71ms - 983b[0m
[90mGET /stylesheets/bootstrap.min.css [36m304 [90m2ms[0m
[90mGET /stylesheets/style.css [36m304 [90m1ms[0m
presentSocketGameCounter : disconnect0:  0
presentSocketGameCounter : disconnect1:  0
[90mGET /information [32m200 [90m6ms - 1.23kb[0m
[90mGET /stylesheets/bootstrap.min.css [36m304 [90m1ms[0m
[90mGET /stylesheets/style.css [36m304 [90m1ms[0m
[90mPOST /tutorial [32m200 [90m5ms - 1.3kb[0m
[90mGET /stylesheets/bootstrap.min.css [36m304 [90m1ms[0m
[90mGET /stylesheets/style.css [36m304 [90m1ms[0m
[90mGET /information [36m304 [90m2ms[0m
[90mGET /stylesheets/bootstrap.min.css [36m304 [90m1ms[0m
[90mGET /stylesheets/style.css [36m304 [90m2ms[0m
[90mPOST /tutorial [32m200 [90m2ms - 1.3kb[0m
[90mGET /stylesheets/bootstrap.min.css [36m304 [90m2ms[0m
[90mGET /stylesheets/style.css [36m304 [90m1ms[0m
[90mGET /information [32m200 [90m3ms - 1.23kb[0m
[90mGET /stylesheets/style.css [32m200 [90m3ms - 14.47kb[0m
[90mGET /stylesheets/bootstrap.min.css [32m200 [90m569ms - 106.95kb[0m
[90mGET /favicon.ico [33m404 [90m2ms - 992b[0m
hiitNumber 3423543
[90mPOST /tutorial [32m200 [90m13ms - 15.87kb[0m
[90mGET /stylesheets/style.css [36m304 [90m1ms[0m
[90mGET /javascripts/bootstrap.min.js [32m200 [90m2ms - 31.07kb[0m
[90mGET /stylesheets/bootstrap.min.css [36m304 [90m1ms[0m
[90mGET /fonts/glyphicons-halflings-regular.woff [32m200 [90m2ms - 22.77kb[0m
[90mPOST /entry [32m200 [90m46ms - 9.04kb[0m
[90mGET /javascripts/postquiz.js [32m200 [90m2ms - 27.87kb[0m
[90mGET /stylesheets/bootstrap.min.css [36m304 [90m1ms[0m
[90mGET /stylesheets/style.css [36m304 [90m2ms[0m
playerHiitNumberMap[socket.id] 2: 3423543
n6Pf1o4rkqpJHVOUAAAB
the length is 1
[90mGET /information [32m200 [90m2ms - 1.23kb[0m
[90mGET /stylesheets/style.css [32m200 [90m2ms - 14.47kb[0m
[90mGET /stylesheets/bootstrap.min.css [32m200 [90m575ms - 106.95kb[0m
hiitNumber 54645654
[90mPOST /tutorial [32m200 [90m10ms - 15.87kb[0m
[90mGET /stylesheets/style.css [36m304 [90m2ms[0m
[90mGET /stylesheets/bootstrap.min.css [36m304 [90m3ms[0m
[90mGET /javascripts/bootstrap.min.js [32m200 [90m3ms - 31.07kb[0m
[90mGET /fonts/glyphicons-halflings-regular.woff [32m200 [90m3ms - 22.77kb[0m
[90mPOST /entry [32m200 [90m8ms - 9.04kb[0m
[90mGET /stylesheets/bootstrap.min.css [36m304 [90m2ms[0m
[90mGET /stylesheets/style.css [36m304 [90m2ms[0m
[90mGET /javascripts/postquiz.js [32m200 [90m4ms - 27.87kb[0m
playerHiitNumberMap[socket.id] 2: 54645654
SF4idgTLLxgYmqHtAAAC
the length is 2
it happened here
n6Pf1o4rkqpJHVOUAAAB is SF4idgTLLxgYmqHtAAAC
SF4idgTLLxgYmqHtAAAC is n6Pf1o4rkqpJHVOUAAAB
[90mGET /audio.notification.mp3 [33m404 [90m7ms - 992b[0m
[90mGET /audio.notification.mp3 [33m404 [90m6ms - 992b[0m
was called waiting outside
was called waiting outside
[90mGET /audio.notification.ogg [33m404 [90m5ms - 992b[0m
[90mGET /audio.notification.ogg [33m404 [90m4ms - 992b[0m
